[21:17:06] [Server thread/INFO]: Starting minecraft server version 1.7.2
[21:17:06] [Server thread/INFO]: Loading properties
[21:17:06] [Server thread/INFO]: Default game type: SURVIVAL
[21:17:06] [Server thread/INFO]: Generating keypair
[21:17:06] [Server thread/INFO]: Starting Minecraft server on 192.168.1.57:25565
[21:17:06] [Server thread/INFO]: This server is running CraftBukkit version git-Bukkit-1.7.2-R0.2-b2974jnks (MC: 1.7.2) (Implementing API version 1.7.2-R0.2)
[21:17:07] [Server thread/INFO]: [dynmap] Loading dynmap v2.2-1118
[21:17:07] [Server thread/INFO]: [dynmap] version=git-Bukkit-1.7.2-R0.2-b2974jnks (MC: 1.7.2)
[21:17:07] [Server thread/INFO]: [dynmap] Mod Support API available
[21:17:07] [Server thread/INFO]: [mcore] Loading mcore v7.0.2
[21:17:07] [Server thread/INFO]: [moorings] Loading moorings v0.1
[21:17:07] [Server thread/INFO]: [MultiWorld] Loading MultiWorld v4.6.5
[21:17:07] [Server thread/INFO]: [WorldEdit] Loading WorldEdit v5.6
[21:17:07] [Server thread/INFO]: [Essentials] Loading Essentials v2.11.1
[21:17:07] [Server thread/INFO]: [EssentialsProtect] Loading EssentialsProtect v2.11.1
[21:17:07] [Server thread/INFO]: [EssentialsChat] Loading EssentialsChat v2.11.1
[21:17:07] [Server thread/INFO]: [EssentialsAntiBuild] Loading EssentialsAntiBuild v2.11.1
[21:17:07] [Server thread/INFO]: [fry-gbp] Loading fry-gbp v1.0.3 (build #18)
[21:17:07] [Server thread/INFO]: [Protect My Worlds] Loading Protect My Worlds v0.2
[21:17:07] [Server thread/INFO]: [InfinityDispenser] Loading InfinityDispenser v1.5
[21:17:07] [Server thread/INFO]: [Lockette] Loading Lockette v1.7.12
[21:17:07] [Server thread/INFO]: [Vault] Loading Vault v1.2.25-b333
[21:17:07] [Server thread/INFO]: [EssentialsSpawn] Loading EssentialsSpawn v2.11.1
[21:17:07] [Server thread/INFO]: [PVP Arena] Loading pvparena v1.3.0.548
[21:17:07] [Server thread/INFO]: [MobManager] Loading MobManager v3.0.3
[21:17:07] [Server thread/INFO]: [mcore] Enabling mcore v7.0.2
[21:17:07] [Server thread/INFO]: [mcore 7.0.2] === ENABLE START ===
[21:17:07] [Server thread/INFO]: [mcore 7.0.2] §eSetup of SenderIdMixinDefault took §d6§ems.
[21:17:07] [Server thread/INFO]: [mcore 7.0.2] === ENABLE §aCOMPLETE §e(Took §d62ms§e) ===
[21:17:07] [Server thread/INFO]: [Vault] Enabling Vault v1.2.25-b333
[21:17:07] [Server thread/INFO]: [Vault][Economy] Essentials Economy found: Waiting
[21:17:07] [Server thread/INFO]: [Vault][Permission] SuperPermissions loaded as backup permission system.
[21:17:07] [Server thread/INFO]: [Vault] Enabled Version 1.2.25-b333
[21:17:07] [Server thread/INFO]: [mcore 7.0.2] §aActivated §eintegration with §dVault
[21:17:07] [Server thread/INFO]: [Vault][Economy] Essentials Economy hooked.
[21:17:07] [Server thread/WARN]: **** SERVER IS RUNNING IN OFFLINE/INSECURE MODE!
[21:17:07] [Server thread/WARN]: The server will make no attempt to authenticate usernames. Beware.
[21:17:07] [Server thread/WARN]: While this makes the game possible to play without internet access, it also opens up the ability for hackers to connect with any username they choose.
[21:17:07] [Server thread/WARN]: To change this, set "online-mode" to "true" in the server.properties file.
[21:17:07] [Server thread/INFO]: Preparing level "world"
[21:17:07] [Server thread/INFO]: Preparing start region for level 0 (Seed: -2657312566005761940)
[21:17:07] [Server thread/INFO]: [dynmap] Enabling dynmap v2.2-1118
[21:17:07] [Server thread/INFO]: [dynmap] Using Bukkit Permissions (superperms) for access control
[21:17:07] [Server thread/INFO]: [dynmap] Web interface permissions only available for online users
[21:17:07] [Server thread/ERROR]: [dynmap] Error reading plugins\dynmap\markers.yml
[21:17:08] [Server thread/INFO]: [dynmap] Extracted files upgraded
[21:17:08] [Server thread/INFO]: [dynmap] Mod Support processing completed
[21:17:08] [Server thread/INFO]: [dynmap] Loaded 23 shaders.
[21:17:08] [Server thread/INFO]: [dynmap] Loaded 82 perspectives.
[21:17:08] [Server thread/INFO]: [dynmap] Loaded 14 lightings.
[21:17:08] [Server thread/INFO]: [dynmap] Web server started on address 192.168.1.57:8123
[21:17:08] [Server thread/INFO]: [dynmap] version 2.2-1118 is enabled - core version 2.2-2058
[21:17:08] [Server thread/INFO]: [dynmap] Loaded 3 maps of world 'world'.
[21:17:08] [Server thread/INFO]: [dynmap] Enabled
[21:17:08] [Server thread/INFO]: [moorings] Enabling moorings v0.1
[21:17:08] [Server thread/INFO]: [MultiWorld] Enabling MultiWorld v4.6.5
[21:17:08] [Server thread/INFO]: Preparing start region for level 1 (Seed: 8353488843746519373)
[21:17:09] [Server thread/INFO]: [dynmap] Loaded 3 maps of world 'castle'.
[21:17:09] [Server thread/INFO]: Preparing start region for level 2 (Seed: -5175589560759294803)
[21:17:09] [Server thread/INFO]: [dynmap] Loaded 3 maps of world 'wedit'.
[21:17:09] [Server thread/INFO]: Preparing start region for level 3 (Seed: 2251520907394806309)
[21:17:09] [Server thread/ERROR]: Chunk file at -25,6 is in the wrong location; relocating. (Expected -25, 6, got -7, 6)
[21:17:09] [Server thread/ERROR]: Chunk file at -25,10 is in the wrong location; relocating. (Expected -25, 10, got -15, 5)
[21:17:09] [Server thread/ERROR]: Chunk file at -21,14 is in the wrong location; relocating. (Expected -21, 14, got -25, 8)
[21:17:09] [Server thread/ERROR]: Chunk file at -21,16 is in the wrong location; relocating. (Expected -21, 16, got -24, 16)
[21:17:09] [Server thread/ERROR]: Chunk file at -19,5 is in the wrong location; relocating. (Expected -19, 5, got -14, 28)
[21:17:09] [Server thread/ERROR]: Chunk file at -19,6 is in the wrong location; relocating. (Expected -19, 6, got -25, 21)
[21:17:09] [Server thread/ERROR]: Chunk file at -19,19 is in the wrong location; relocating. (Expected -19, 19, got -8, 3)
[21:17:09] [Server thread/ERROR]: Chunk file at -19,21 is in the wrong location; relocating. (Expected -19, 21, got -4, 7)
[21:17:09] [Server thread/ERROR]: Chunk file at -18,21 is in the wrong location; relocating. (Expected -18, 21, got -20, 5)
[21:17:09] [Server thread/ERROR]: Chunk file at -18,22 is in the wrong location; relocating. (Expected -18, 22, got -8, 7)
[21:17:09] [Server thread/ERROR]: Chunk file at -18,28 is in the wrong location; relocating. (Expected -18, 28, got -20, 6)
[21:17:09] [Server thread/ERROR]: Chunk file at -16,21 is in the wrong location; relocating. (Expected -16, 21, got -12, 3)
[21:17:09] [Server thread/ERROR]: Chunk file at -13,18 is in the wrong location; relocating. (Expected -13, 18, got -4, 19)
[21:17:09] [Server thread/ERROR]: Chunk file at -10,5 is in the wrong location; relocating. (Expected -10, 5, got -22, 29)
[21:17:09] [Server thread/ERROR]: Chunk file at -10,22 is in the wrong location; relocating. (Expected -10, 22, got -21, 3)
[21:17:09] [Server thread/ERROR]: Chunk file at -9,19 is in the wrong location; relocating. (Expected -9, 19, got -21, 7)
[21:17:09] [Server thread/ERROR]: Chunk file at -8,22 is in the wrong location; relocating. (Expected -8, 22, got -9, 5)
[21:17:09] [Server thread/ERROR]: Chunk file at -7,5 is in the wrong location; relocating. (Expected -7, 5, got -5, 8)
[21:17:09] [Server thread/ERROR]: Chunk file at -7,8 is in the wrong location; relocating. (Expected -7, 8, got -16, 6)
[21:17:09] [Server thread/ERROR]: Chunk file at -6,6 is in the wrong location; relocating. (Expected -6, 6, got -8, 8)
[21:17:09] [Server thread/ERROR]: Chunk file at -6,8 is in the wrong location; relocating. (Expected -6, 8, got -13, 5)
[21:17:09] [Server thread/ERROR]: Chunk file at -6,18 is in the wrong location; relocating. (Expected -6, 18, got -8, 5)
[21:17:09] [Server thread/ERROR]: Chunk file at -6,21 is in the wrong location; relocating. (Expected -6, 21, got -20, 4)
[21:17:09] [Server thread/ERROR]: Chunk file at -5,15 is in the wrong location; relocating. (Expected -5, 15, got -10, 7)
[21:17:09] [Server thread/ERROR]: Chunk file at -5,18 is in the wrong location; relocating. (Expected -5, 18, got -9, 6)
[21:17:09] [Server thread/ERROR]: Chunk file at -5,22 is in the wrong location; relocating. (Expected -5, 22, got -6, 4)
[21:17:09] [Server thread/ERROR]: Chunk file at -3,5 is in the wrong location; relocating. (Expected -3, 5, got -24, 18)
[21:17:09] [Server thread/WARN]: Wrong location for EntitySheep['Sheep'/150, l='wild1', x=-368,00, y=69,00, z=288,85] in world 'wild1'!
[21:17:09] [Server thread/WARN]: Entity is at -368.00234389164086,288.85021422099925 (chunk -24,18) but was stored in chunk -3,5
[21:17:09] [Server thread/INFO]: [dynmap] Loaded 3 maps of world 'wild1'.
[21:17:09] [Server thread/INFO]: Preparing start region for level 4 (Seed: 8919570655657581901)
[21:17:10] [Server thread/INFO]: [dynmap] Loaded 3 maps of world 'MarioKart'.
[21:17:10] [Server thread/INFO]: Preparing start region for level 5 (Seed: -2025462011725841791)
[21:17:10] [Server thread/INFO]: [dynmap] Loaded 3 maps of world 'vbuild'.
[21:17:10] [Server thread/INFO]: Preparing start region for level 6 (Seed: -2746142317098334855)
[21:17:11] [Server thread/INFO]: [dynmap] Loaded 3 maps of world 'reiUndAlw'.
[21:17:11] [Server thread/INFO]: Preparing start region for level 7 (Seed: 769476040821284154)
[21:17:11] [Server thread/INFO]: [dynmap] Loaded 3 maps of world 'game'.
[21:17:11] [Server thread/INFO]: Preparing start region for level 8 (Seed: -7733708617921322033)
[21:17:11] [Server thread/INFO]: [dynmap] Loaded 3 maps of world 'InfiniteRollerCoaster'.
[21:17:11] [Server thread/INFO]: Preparing start region for level 9 (Seed: 4232537197995927676)
[21:17:12] [Server thread/INFO]: [dynmap] Loaded 3 maps of world 'wild'.
[21:17:12] [Server thread/INFO]: Preparing start region for level 10 (Seed: 6528380673662284765)
[21:17:12] [Server thread/INFO]: [dynmap] Loaded 3 maps of world 'Dungeon'.
[21:17:12] [Server thread/INFO]: Preparing start region for level 11 (Seed: -3813974654909302784)
[21:17:12] [Server thread/INFO]: [dynmap] Loaded 3 maps of world 'cruise'.
[21:17:12] [Server thread/INFO]: Preparing start region for level 12 (Seed: 7837543691845014716)
[21:17:12] [Server thread/INFO]: [dynmap] Loaded 3 maps of world 'changeAble'.
[21:17:12] [Server thread/INFO]: Preparing start region for level 13 (Seed: -4902383643403544457)
[21:17:13] [Server thread/INFO]: [dynmap] Loaded 3 maps of world 'eline'.
[21:17:13] [Server thread/INFO]: Preparing start region for level 14 (Seed: 7356249490568787916)
[21:17:13] [Server thread/INFO]: [dynmap] Loaded 3 maps of world 'boat'.
[21:17:13] [Server thread/INFO]: Preparing start region for level 15 (Seed: 4384975762410252309)
[21:17:13] [Server thread/INFO]: [dynmap] Loaded 3 maps of world 'ImperialCity'.
[21:17:13] [Server thread/INFO]: Preparing start region for level 16 (Seed: 2040694718369587333)
[21:17:13] [Server thread/INFO]: [dynmap] Loaded 3 maps of world 'world100'.
[21:17:13] [Server thread/INFO]: Preparing start region for level 17 (Seed: -8265373144002842132)
[21:17:13] [Server thread/INFO]: [dynmap] Loaded 3 maps of world 'pvp'.
[21:17:13] [Server thread/INFO]: Preparing start region for level 18 (Seed: 1096083479217600396)
[21:17:14] [Server thread/INFO]: [dynmap] Loaded 3 maps of world 'Mindfear'.
[21:17:14] [Server thread/INFO]: Preparing start region for level 19 (Seed: -6651362644159505240)
[21:17:14] [Server thread/INFO]: [dynmap] Loaded 3 maps of world 'testStuff'.
[21:17:14] [Server thread/INFO]: [MultiWorld] [PortalHandler] loaded!
[21:17:14] [Server thread/INFO]: [MultiWorld] v4.6.5 enabled.
[21:17:16] [Server thread/INFO]: [WorldEdit] Enabling WorldEdit v5.6
[21:17:16] [Server thread/INFO]: WEPIF: Using the Bukkit Permissions API.
[21:17:16] [Server thread/INFO]: [Essentials] Enabling Essentials v2.11.1
[21:17:16] [Server thread/INFO]: Essentials: Using config file enhanced permissions.
[21:17:16] [Server thread/INFO]: Permissions listed in as player-commands will be given to all users.
[21:17:16] [Server thread/INFO]: [EssentialsProtect] Enabling EssentialsProtect v2.11.1
[21:17:16] [Server thread/INFO]: [EssentialsChat] Enabling EssentialsChat v2.11.1
[21:17:16] [Server thread/INFO]: [EssentialsAntiBuild] Enabling EssentialsAntiBuild v2.11.1
[21:17:16] [Server thread/INFO]: [fry-gbp] Enabling fry-gbp v1.0.3 (build #18)
[21:17:16] [Server thread/INFO]: [Protect My Worlds] Enabling Protect My Worlds v0.2
[21:17:16] [Server thread/INFO]: [InfinityDispenser] Enabling InfinityDispenser v1.5
[21:17:16] [Server thread/INFO]: [InfinityDispenser] 1.5 version is enabled
[21:17:17] [Server thread/INFO]: [Lockette] Enabling Lockette v1.7.12
[21:17:17] [Server thread/INFO]: [Lockette] Version 1.7.12 is being enabled!  Yay!  (Core version 1.3.7)
[21:17:17] [Server thread/INFO]: [Lockette] Detected craftbukkit build [2974] ok.
[21:17:17] [Server thread/INFO]: [Lockette] Custom lockable block list: [116, 84, 145, 154]
[21:17:17] [Server thread/INFO]: [Lockette] Ignoring linked plugins: [Alwintj]
[21:17:17] [Server thread/INFO]: [Lockette] Loading strings file for English by Acru
[21:17:17] [Server thread/INFO]: [Lockette] Using ops file for admin permissions.
[21:17:17] [Server thread/INFO]: [Lockette] Ready to protect your containers.
[21:17:18] [Server thread/INFO]: [EssentialsSpawn] Enabling EssentialsSpawn v2.11.1
[21:17:18] [Server thread/INFO]: [PVP Arena] Enabling pvparena v1.3.0.548
[21:17:19] [Server thread/INFO]: [0;33;1m[PVP Arena[0;33;1m] [0;37;1mdebugging: off[m
[21:17:19] [Server thread/INFO]: [PVP Arena] Downloading module update file...
[21:17:19] [Server thread/INFO]: [PVP Arena] Downloaded module update file
[21:17:19] [Thread-16/INFO]: LOG_UPDATE_ENABLED
[21:17:19] [Server thread/INFO]: [PVP Arena] Plugin tracking enabled. Set tracker: false inside the main config to disable.
[21:17:19] [Server thread/INFO]: [PVP Arena] enabled (version pvparena v1.3.0.548)
[21:17:25] [Server thread/INFO]: [MobManager] Enabling MobManager v3.0.3
[21:17:25] [Server thread/INFO]: [MM-Limiter] Enabling
[21:17:25] [Server thread/INFO]: [MM-Limiter] IgnoredMobs: WITHER,VILLAGER
[21:17:25] [Server thread/INFO]: [MM-Limiter] EnabledSpawnReasons: DEFAULT,NATURAL,SPAWNER,CHUNK_GEN,VILLAGE_DEFENSE,VILLAGE_INVASION,BUILD_IRONGOLEM,BUILD_SNOWMAN,BREEDING,EGG
[21:17:25] [Server thread/INFO]: [MM-Limiter] [world] Limits M:20, A:0, W:0, Am:0, V:0
[21:17:25] [Server thread/INFO]: [MM-Limiter] [castle] Limits M:0, A:0, W:0, Am:0, V:0
[21:17:25] [Server thread/INFO]: [MM-Limiter] [cruise] Limits M:0, A:0, W:0, Am:0, V:0
[21:17:25] [Server thread/INFO]: [MM-Limiter] [wild1] Limits M:512, A:320, W:128, Am:64, V:128
[21:17:25] [Server thread/INFO]: [MM-Limiter] [pvp] Limits M:0, A:0, W:0, Am:0, V:0
[21:17:25] [Server thread/INFO]: [MM-Limiter] [wedit] Limits M:512, A:320, W:128, Am:64, V:128
[21:17:25] [Server thread/INFO]: [MM-Limiter] [wild] Limits M:512, A:320, W:128, Am:64, V:128
[21:17:25] [Server thread/INFO]: [MM-Limiter] [boat] Limits M:0, A:0, W:0, Am:0, V:0
[21:17:25] [Server thread/INFO]: [MM-Limiter] [vbuild] Limits M:0, A:0, W:0, Am:0, V:0
[21:17:25] [Server thread/INFO]: [MM-Limiter] Enabled with 9 worlds
[21:17:25] [Server thread/INFO]: [MM-Abilities] Enabling
[21:17:25] [Server thread/INFO]: [MM-Abilities] Enabled with 9 worlds and 0 AbilitySets
[21:17:37] [Server thread/INFO]: Done (30,014s)! For help, type "help" or "?"
[21:49:40] [Server thread/INFO]: Alwintje[/192.168.1.57:50717] logged in with entity id 1073 at ([reiUndAlw] -289.23279945789517, 69.0, 164.47801447924564)
[21:49:48] [Server thread/INFO]: Alwintje issued server command: /speed fly 9
[21:51:00] [Dynmap Render Thread/INFO]: [dynmap] Loading default resource pack
[21:51:22] [Server thread/INFO]: Alwintje lost connection: Disconnected
[21:51:22] [Server thread/INFO]: Alwintje left the game.
[21:51:27] [Server thread/INFO]: CONSOLE: Stopping the server..[m
[21:51:27] [Server thread/INFO]: Stopping server
[21:51:27] [Server thread/INFO]: [MobManager] Disabling MobManager v3.0.3
[21:51:27] [Server thread/INFO]: [MM-Abilities] Disabled
[21:51:27] [Server thread/INFO]: [MM-Limiter] Disabled
[21:51:27] [Server thread/INFO]: [PVP Arena] Disabling pvparena v1.3.0.548
[21:51:27] [Server thread/INFO]: [PVP Arena] Plugin tracking disabled. See you soon?
[21:51:27] [Server thread/INFO]: [PVP Arena] disabled (version pvparena v1.3.0.548)
[21:51:27] [Server thread/INFO]: [EssentialsSpawn] Disabling EssentialsSpawn v2.11.1
[21:51:27] [Server thread/INFO]: [Vault] Disabling Vault v1.2.25-b333
[21:51:27] [Server thread/INFO]: [Lockette] Disabling Lockette v1.7.12
[21:51:27] [Server thread/INFO]: [0;36;22m[[0;36;1mmcore 7.0.2[0;36;22m] [0;33;1m[0;32;1mDeactivated [0;33;1mintegration with [0;35;1mVault[m
[21:51:27] [Server thread/INFO]: Lockette is being disabled...  ;.;
[21:51:27] [Server thread/INFO]: [Lockette] Closing all automatic doors.
[21:51:27] [Server thread/INFO]: [InfinityDispenser] Disabling InfinityDispenser v1.5
[21:51:27] [Server thread/INFO]: [InfinityDispenser] 1.5 version is disabled
[21:51:27] [Server thread/INFO]: [Protect My Worlds] Disabling Protect My Worlds v0.2
[21:51:27] [Server thread/INFO]: [fry-gbp] Disabling fry-gbp v1.0.3 (build #18)
[21:51:27] [Server thread/INFO]: [EssentialsAntiBuild] Disabling EssentialsAntiBuild v2.11.1
[21:51:27] [Server thread/INFO]: [EssentialsChat] Disabling EssentialsChat v2.11.1
[21:51:27] [Server thread/INFO]: [EssentialsProtect] Disabling EssentialsProtect v2.11.1
[21:51:27] [Server thread/INFO]: [Essentials] Disabling Essentials v2.11.1
[21:51:27] [Server thread/INFO]: [WorldEdit] Disabling WorldEdit v5.6
[21:51:27] [Server thread/INFO]: [MultiWorld] Disabling MultiWorld v4.6.5
[21:51:27] [Server thread/INFO]: [MultiWorld] Disabled.
[21:51:27] [Server thread/INFO]: [moorings] Disabling moorings v0.1
[21:51:27] [Server thread/INFO]: [mcore] Disabling mcore v7.0.2
[21:51:27] [Server thread/INFO]: [0;36;22m[[0;36;1mmcore 7.0.2[0;36;22m] [0;33;1mDisabled[m
[21:51:27] [Server thread/INFO]: [dynmap] Disabling dynmap v2.2-1118
[21:51:27] [Server thread/INFO]: [dynmap] Unloaded 11 components.
[21:51:27] [Server thread/INFO]: [dynmap] Stopping map renderer...
[21:51:28] [Server thread/INFO]: [dynmap] Disabled
[21:51:28] [Server thread/INFO]: Saving players
[21:51:28] [Server thread/INFO]: Saving worlds
[21:51:28] [Server thread/INFO]: Saving chunks for level 'world'/Overworld
[21:51:28] [Server thread/INFO]: Saving chunks for level 'castle'/Overworld
[21:51:28] [Server thread/INFO]: Saving chunks for level 'wedit'/Overworld
[21:51:28] [Server thread/INFO]: Saving chunks for level 'wild1'/Overworld
[21:51:28] [Server thread/INFO]: Saving chunks for level 'MarioKart'/Overworld
[21:51:28] [Server thread/INFO]: Saving chunks for level 'vbuild'/Overworld
[21:51:28] [Server thread/INFO]: Saving chunks for level 'reiUndAlw'/Overworld
[21:51:28] [Server thread/INFO]: Saving chunks for level 'game'/Overworld
[21:51:28] [Server thread/INFO]: Saving chunks for level 'InfiniteRollerCoaster'/Overworld
[21:51:28] [Server thread/INFO]: Saving chunks for level 'wild'/Overworld
[21:51:28] [Server thread/INFO]: Saving chunks for level 'Dungeon'/Overworld
[21:51:28] [Server thread/INFO]: Saving chunks for level 'cruise'/Overworld
[21:51:28] [Server thread/INFO]: Saving chunks for level 'changeAble'/Overworld
[21:51:28] [Server thread/INFO]: Saving chunks for level 'eline'/Overworld
[21:51:28] [Server thread/INFO]: Saving chunks for level 'boat'/Overworld
[21:51:28] [Server thread/INFO]: Saving chunks for level 'ImperialCity'/Overworld
[21:51:28] [Server thread/INFO]: Saving chunks for level 'world100'/Overworld
[21:51:28] [Server thread/INFO]: Saving chunks for level 'pvp'/Overworld
[21:51:28] [Server thread/INFO]: Saving chunks for level 'Mindfear'/Overworld
[21:51:29] [Server thread/INFO]: Saving chunks for level 'testStuff'/Overworld
[21:51:29] [Thread-4/INFO]: Stopping server
[21:51:29] [Thread-4/INFO]: Saving players
[21:51:29] [Thread-4/INFO]: Saving worlds
[21:51:29] [Thread-4/INFO]: Saving chunks for level 'world'/Overworld
